<?xml version="1.0" encoding="UTF-8"?>
<!-- Generated by org.testng.reporters.JUnitReportReporter -->
<testsuite skipped="0" hostname="bindus-MacBook-Pro.local" name="co.treiner.testCases.TC_HomePage" tests="1" failures="0" timestamp="14 Sep 2019 01:27:43 GMT" time="11.717" errors="0">
  <testcase name="navigationTest" time="11.717" classname="co.treiner.testCases.TC_HomePage"/>
</testsuite> <!-- co.treiner.testCases.TC_HomePage -->
