<?xml version="1.0" encoding="UTF-8"?>
<!-- Generated by org.testng.reporters.JUnitReportReporter -->
<testsuite skipped="0" hostname="bindus-MBP" name="co.treiner.testCases.TC_HomePage" tests="1" failures="0" timestamp="05 Sep 2019 13:40:45 GMT" time="16.518" errors="0">
  <testcase name="navigationTest" time="16.518" classname="co.treiner.testCases.TC_HomePage"/>
</testsuite> <!-- co.treiner.testCases.TC_HomePage -->
