<?xml version="1.0" encoding="UTF-8"?>
<!-- Generated by org.testng.reporters.JUnitReportReporter -->
<testsuite skipped="0" hostname="bindus-MacBook-Pro.local" name="co.treiner.testCases.TC_HomePage" tests="1" failures="0" timestamp="06 Sep 2019 04:07:25 GMT" time="16.478" errors="0">
  <testcase name="navigationTest" time="16.478" classname="co.treiner.testCases.TC_HomePage"/>
</testsuite> <!-- co.treiner.testCases.TC_HomePage -->
