<?xml version="1.0" encoding="UTF-8"?>
<!-- Generated by org.testng.reporters.JUnitReportReporter -->
<testsuite skipped="0" hostname="bindus-MacBook-Pro.local" name="co.treiner.testCases.TC_HomePage" tests="1" failures="0" timestamp="07 Sep 2019 11:54:00 GMT" time="11.529" errors="0">
  <testcase name="navigationTest" time="11.529" classname="co.treiner.testCases.TC_HomePage"/>
</testsuite> <!-- co.treiner.testCases.TC_HomePage -->
