<?xml version="1.0" encoding="UTF-8"?>
<!-- Generated by org.testng.reporters.JUnitReportReporter -->
<testsuite skipped="0" hostname="bindus-MacBook-Pro.local" name="co.treiner.testCases.TC_HomePage" tests="1" failures="0" timestamp="30 Aug 2019 05:14:40 GMT" time="33.915" errors="0">
  <testcase name="navigationTest" time="33.915" classname="co.treiner.testCases.TC_HomePage"/>
</testsuite> <!-- co.treiner.testCases.TC_HomePage -->
